CRITICAL - 2022-05-17 14:44:03 --> Undefined variable $dato
#0 C:\xampp\htdocs\appweb\app\Views\admin\admin.php(38): CodeIgniter\Debug\Exceptions->errorHandler(2, 'Undefined varia...', 'C:\\xampp\\htdocs...', 38)
#1 C:\xampp\htdocs\appweb\system\View\View.php(210): include('C:\\xampp\\htdocs...')
#2 C:\xampp\htdocs\appweb\system\View\View.php(213): CodeIgniter\View\View->CodeIgniter\View\{closure}()
#3 C:\xampp\htdocs\appweb\system\Common.php(1089): CodeIgniter\View\View->render('/admin/admin', Array, true)
#4 C:\xampp\htdocs\appweb\app\Controllers\Admin.php(12): view('/admin/admin', Array)
#5 C:\xampp\htdocs\appweb\system\CodeIgniter.php(832): App\Controllers\Admin->admin()
#6 C:\xampp\htdocs\appweb\system\CodeIgniter.php(419): CodeIgniter\CodeIgniter->runController(Object(App\Controllers\Admin))
#7 C:\xampp\htdocs\appweb\system\CodeIgniter.php(326): CodeIgniter\CodeIgniter->handleRequest(NULL, Object(Config\Cache), false)
#8 C:\xampp\htdocs\appweb\index.php(37): CodeIgniter\CodeIgniter->run()
#9 {main}
CRITICAL - 2022-05-17 14:49:10 --> compact(): Undefined variable $1
#0 [internal function]: CodeIgniter\Debug\Exceptions->errorHandler(2, 'compact(): Unde...', 'C:\\xampp\\htdocs...', 19)
#1 C:\xampp\htdocs\appweb\app\Controllers\Admin.php(19): compact(Array)
#2 C:\xampp\htdocs\appweb\system\CodeIgniter.php(832): App\Controllers\Admin->edit('2')
#3 C:\xampp\htdocs\appweb\system\CodeIgniter.php(419): CodeIgniter\CodeIgniter->runController(Object(App\Controllers\Admin))
#4 C:\xampp\htdocs\appweb\system\CodeIgniter.php(326): CodeIgniter\CodeIgniter->handleRequest(NULL, Object(Config\Cache), false)
#5 C:\xampp\htdocs\appweb\index.php(37): CodeIgniter\CodeIgniter->run()
#6 {main}
CRITICAL - 2022-05-17 14:55:39 --> compact(): Undefined variable $1
#0 [internal function]: CodeIgniter\Debug\Exceptions->errorHandler(2, 'compact(): Unde...', 'C:\\xampp\\htdocs...', 19)
#1 C:\xampp\htdocs\appweb\app\Controllers\Admin.php(19): compact(Array)
#2 C:\xampp\htdocs\appweb\system\CodeIgniter.php(832): App\Controllers\Admin->edit('2')
#3 C:\xampp\htdocs\appweb\system\CodeIgniter.php(419): CodeIgniter\CodeIgniter->runController(Object(App\Controllers\Admin))
#4 C:\xampp\htdocs\appweb\system\CodeIgniter.php(326): CodeIgniter\CodeIgniter->handleRequest(NULL, Object(Config\Cache), false)
#5 C:\xampp\htdocs\appweb\index.php(37): CodeIgniter\CodeIgniter->run()
#6 {main}
ERROR - 2022-05-17 17:37:35 --> Cannot delete or update a parent row: a foreign key constraint fails (`nami_gallery`.`images`, CONSTRAINT `images_ibfk_1` FOREIGN KEY (`id`) REFERENCES `users` (`id`) ON UPDATE CASCADE)
CRITICAL - 2022-05-17 17:37:35 --> Cannot delete or update a parent row: a foreign key constraint fails (`nami_gallery`.`images`, CONSTRAINT `images_ibfk_1` FOREIGN KEY (`id`) REFERENCES `users` (`id`) ON UPDATE CASCADE)
#0 C:\xampp\htdocs\appweb\system\Database\MySQLi\Connection.php(292): mysqli->query('DELETE FROM `us...', 0)
#1 C:\xampp\htdocs\appweb\system\Database\BaseConnection.php(670): CodeIgniter\Database\MySQLi\Connection->execute('DELETE FROM `us...')
#2 C:\xampp\htdocs\appweb\system\Database\BaseConnection.php(598): CodeIgniter\Database\BaseConnection->simpleQuery('DELETE FROM `us...')
#3 C:\xampp\htdocs\appweb\system\Database\BaseBuilder.php(2225): CodeIgniter\Database\BaseConnection->query('DELETE FROM `us...', Array, false)
#4 C:\xampp\htdocs\appweb\system\Model.php(359): CodeIgniter\Database\BaseBuilder->delete()
#5 C:\xampp\htdocs\appweb\system\BaseModel.php(963): CodeIgniter\Model->doDelete(Array, false)
#6 C:\xampp\htdocs\appweb\app\Controllers\Admin.php(63): CodeIgniter\BaseModel->delete(Array)
#7 C:\xampp\htdocs\appweb\system\CodeIgniter.php(832): App\Controllers\Admin->delete('6')
#8 C:\xampp\htdocs\appweb\system\CodeIgniter.php(419): CodeIgniter\CodeIgniter->runController(Object(App\Controllers\Admin))
#9 C:\xampp\htdocs\appweb\system\CodeIgniter.php(326): CodeIgniter\CodeIgniter->handleRequest(NULL, Object(Config\Cache), false)
#10 C:\xampp\htdocs\appweb\index.php(37): CodeIgniter\CodeIgniter->run()
#11 {main}
ERROR - 2022-05-17 17:39:39 --> Cannot delete or update a parent row: a foreign key constraint fails (`nami_gallery`.`images`, CONSTRAINT `images_ibfk_1` FOREIGN KEY (`id`) REFERENCES `users` (`id`) ON UPDATE CASCADE)
CRITICAL - 2022-05-17 17:39:39 --> Cannot delete or update a parent row: a foreign key constraint fails (`nami_gallery`.`images`, CONSTRAINT `images_ibfk_1` FOREIGN KEY (`id`) REFERENCES `users` (`id`) ON UPDATE CASCADE)
#0 C:\xampp\htdocs\appweb\system\Database\MySQLi\Connection.php(292): mysqli->query('DELETE FROM `us...', 0)
#1 C:\xampp\htdocs\appweb\system\Database\BaseConnection.php(670): CodeIgniter\Database\MySQLi\Connection->execute('DELETE FROM `us...')
#2 C:\xampp\htdocs\appweb\system\Database\BaseConnection.php(598): CodeIgniter\Database\BaseConnection->simpleQuery('DELETE FROM `us...')
#3 C:\xampp\htdocs\appweb\system\Database\BaseBuilder.php(2225): CodeIgniter\Database\BaseConnection->query('DELETE FROM `us...', Array, false)
#4 C:\xampp\htdocs\appweb\system\Model.php(359): CodeIgniter\Database\BaseBuilder->delete()
#5 C:\xampp\htdocs\appweb\system\BaseModel.php(963): CodeIgniter\Model->doDelete(Array, false)
#6 C:\xampp\htdocs\appweb\app\Controllers\Admin.php(63): CodeIgniter\BaseModel->delete(Array)
#7 C:\xampp\htdocs\appweb\system\CodeIgniter.php(832): App\Controllers\Admin->delete('1')
#8 C:\xampp\htdocs\appweb\system\CodeIgniter.php(419): CodeIgniter\CodeIgniter->runController(Object(App\Controllers\Admin))
#9 C:\xampp\htdocs\appweb\system\CodeIgniter.php(326): CodeIgniter\CodeIgniter->handleRequest(NULL, Object(Config\Cache), false)
#10 C:\xampp\htdocs\appweb\index.php(37): CodeIgniter\CodeIgniter->run()
#11 {main}
