ERROR - 2022-05-16 12:53:55 --> Unknown column 'users.id' in 'where clause'
CRITICAL - 2022-05-16 12:53:55 --> Unknown column 'users.id' in 'where clause'
#0 C:\xampp\htdocs\appweb\system\Database\MySQLi\Connection.php(292): mysqli->query('SELECT *\nFROM `...', 0)
#1 C:\xampp\htdocs\appweb\system\Database\BaseConnection.php(670): CodeIgniter\Database\MySQLi\Connection->execute('SELECT *\nFROM `...')
#2 C:\xampp\htdocs\appweb\system\Database\BaseConnection.php(598): CodeIgniter\Database\BaseConnection->simpleQuery('SELECT *\nFROM `...')
#3 C:\xampp\htdocs\appweb\system\Database\BaseBuilder.php(1455): CodeIgniter\Database\BaseConnection->query('SELECT *\nFROM `...', Array, false)
#4 C:\xampp\htdocs\appweb\system\Model.php(142): CodeIgniter\Database\BaseBuilder->get()
#5 C:\xampp\htdocs\appweb\system\BaseModel.php(523): CodeIgniter\Model->doFind(true, 1)
#6 C:\xampp\htdocs\appweb\app\Controllers\Dashboard.php(13): CodeIgniter\BaseModel->find(1)
#7 C:\xampp\htdocs\appweb\system\CodeIgniter.php(832): App\Controllers\Dashboard->index()
#8 C:\xampp\htdocs\appweb\system\CodeIgniter.php(419): CodeIgniter\CodeIgniter->runController(Object(App\Controllers\Dashboard))
#9 C:\xampp\htdocs\appweb\system\CodeIgniter.php(326): CodeIgniter\CodeIgniter->handleRequest(NULL, Object(Config\Cache), false)
#10 C:\xampp\htdocs\appweb\index.php(37): CodeIgniter\CodeIgniter->run()
#11 {main}
CRITICAL - 2022-05-16 12:56:47 --> Undefined array key "name"
#0 C:\xampp\htdocs\appweb\app\Views\dashboard\index.php(18): CodeIgniter\Debug\Exceptions->errorHandler(2, 'Undefined array...', 'C:\\xampp\\htdocs...', 18)
#1 C:\xampp\htdocs\appweb\system\View\View.php(210): include('C:\\xampp\\htdocs...')
#2 C:\xampp\htdocs\appweb\system\View\View.php(213): CodeIgniter\View\View->CodeIgniter\View\{closure}()
#3 C:\xampp\htdocs\appweb\system\Common.php(1089): CodeIgniter\View\View->render('dashboard/index', Array, true)
#4 C:\xampp\htdocs\appweb\app\Controllers\Dashboard.php(18): view('dashboard/index', Array)
#5 C:\xampp\htdocs\appweb\system\CodeIgniter.php(832): App\Controllers\Dashboard->index()
#6 C:\xampp\htdocs\appweb\system\CodeIgniter.php(419): CodeIgniter\CodeIgniter->runController(Object(App\Controllers\Dashboard))
#7 C:\xampp\htdocs\appweb\system\CodeIgniter.php(326): CodeIgniter\CodeIgniter->handleRequest(NULL, Object(Config\Cache), false)
#8 C:\xampp\htdocs\appweb\index.php(37): CodeIgniter\CodeIgniter->run()
#9 {main}
CRITICAL - 2022-05-16 12:57:54 --> Undefined array key "id_user"
#0 C:\xampp\htdocs\appweb\app\Controllers\Auth.php(121): CodeIgniter\Debug\Exceptions->errorHandler(2, 'Undefined array...', 'C:\\xampp\\htdocs...', 121)
#1 C:\xampp\htdocs\appweb\system\CodeIgniter.php(832): App\Controllers\Auth->check()
#2 C:\xampp\htdocs\appweb\system\CodeIgniter.php(419): CodeIgniter\CodeIgniter->runController(Object(App\Controllers\Auth))
#3 C:\xampp\htdocs\appweb\system\CodeIgniter.php(326): CodeIgniter\CodeIgniter->handleRequest(NULL, Object(Config\Cache), false)
#4 C:\xampp\htdocs\appweb\index.php(37): CodeIgniter\CodeIgniter->run()
#5 {main}
CRITICAL - 2022-05-16 16:10:42 --> Call to undefined function script_tag()
#0 C:\xampp\htdocs\appweb\system\View\View.php(210): include()
#1 C:\xampp\htdocs\appweb\system\View\View.php(213): CodeIgniter\View\View->CodeIgniter\View\{closure}()
#2 C:\xampp\htdocs\appweb\system\Common.php(1089): CodeIgniter\View\View->render('dashboard/index', Array, true)
#3 C:\xampp\htdocs\appweb\app\Controllers\Dashboard.php(18): view('dashboard/index', Array)
#4 C:\xampp\htdocs\appweb\system\CodeIgniter.php(832): App\Controllers\Dashboard->index()
#5 C:\xampp\htdocs\appweb\system\CodeIgniter.php(419): CodeIgniter\CodeIgniter->runController(Object(App\Controllers\Dashboard))
#6 C:\xampp\htdocs\appweb\system\CodeIgniter.php(326): CodeIgniter\CodeIgniter->handleRequest(NULL, Object(Config\Cache), false)
#7 C:\xampp\htdocs\appweb\index.php(37): CodeIgniter\CodeIgniter->run()
#8 {main}
CRITICAL - 2022-05-16 17:10:46 --> Undefined array key "name"
#0 C:\xampp\htdocs\appweb\app\Views\dashboard\gallery.php(26): CodeIgniter\Debug\Exceptions->errorHandler(2, 'Undefined array...', 'C:\\xampp\\htdocs...', 26)
#1 C:\xampp\htdocs\appweb\system\View\View.php(210): include('C:\\xampp\\htdocs...')
#2 C:\xampp\htdocs\appweb\system\View\View.php(213): CodeIgniter\View\View->CodeIgniter\View\{closure}()
#3 C:\xampp\htdocs\appweb\system\Common.php(1089): CodeIgniter\View\View->render('dashboard/galle...', Array, true)
#4 C:\xampp\htdocs\appweb\app\Controllers\Dashboard.php(19): view('dashboard/galle...', Array)
#5 C:\xampp\htdocs\appweb\system\CodeIgniter.php(832): App\Controllers\Dashboard->index()
#6 C:\xampp\htdocs\appweb\system\CodeIgniter.php(419): CodeIgniter\CodeIgniter->runController(Object(App\Controllers\Dashboard))
#7 C:\xampp\htdocs\appweb\system\CodeIgniter.php(326): CodeIgniter\CodeIgniter->handleRequest(NULL, Object(Config\Cache), false)
#8 C:\xampp\htdocs\appweb\index.php(37): CodeIgniter\CodeIgniter->run()
#9 {main}
CRITICAL - 2022-05-16 18:13:55 --> Undefined array key "name"
#0 C:\xampp\htdocs\appweb\app\Views\dashboard\create.php(27): CodeIgniter\Debug\Exceptions->errorHandler(2, 'Undefined array...', 'C:\\xampp\\htdocs...', 27)
#1 C:\xampp\htdocs\appweb\system\View\View.php(210): include('C:\\xampp\\htdocs...')
#2 C:\xampp\htdocs\appweb\system\View\View.php(213): CodeIgniter\View\View->CodeIgniter\View\{closure}()
#3 C:\xampp\htdocs\appweb\system\Common.php(1089): CodeIgniter\View\View->render('dashboard/creat...', Array, true)
#4 C:\xampp\htdocs\appweb\app\Controllers\Dashboard.php(31): view('dashboard/creat...', Array)
#5 C:\xampp\htdocs\appweb\system\CodeIgniter.php(832): App\Controllers\Dashboard->create()
#6 C:\xampp\htdocs\appweb\system\CodeIgniter.php(419): CodeIgniter\CodeIgniter->runController(Object(App\Controllers\Dashboard))
#7 C:\xampp\htdocs\appweb\system\CodeIgniter.php(326): CodeIgniter\CodeIgniter->handleRequest(NULL, Object(Config\Cache), false)
#8 C:\xampp\htdocs\appweb\index.php(37): CodeIgniter\CodeIgniter->run()
#9 {main}
CRITICAL - 2022-05-16 18:44:06 --> Call to undefined function set_value()
#0 C:\xampp\htdocs\appweb\system\View\View.php(210): include()
#1 C:\xampp\htdocs\appweb\system\View\View.php(213): CodeIgniter\View\View->CodeIgniter\View\{closure}()
#2 C:\xampp\htdocs\appweb\system\Common.php(1089): CodeIgniter\View\View->render('dashboard/creat...', Array, true)
#3 C:\xampp\htdocs\appweb\app\Controllers\Dashboard.php(31): view('dashboard/creat...', Array)
#4 C:\xampp\htdocs\appweb\system\CodeIgniter.php(832): App\Controllers\Dashboard->create()
#5 C:\xampp\htdocs\appweb\system\CodeIgniter.php(419): CodeIgniter\CodeIgniter->runController(Object(App\Controllers\Dashboard))
#6 C:\xampp\htdocs\appweb\system\CodeIgniter.php(326): CodeIgniter\CodeIgniter->handleRequest(NULL, Object(Config\Cache), false)
#7 C:\xampp\htdocs\appweb\index.php(37): CodeIgniter\CodeIgniter->run()
#8 {main}
CRITICAL - 2022-05-16 18:45:07 --> Call to undefined function set_value()
#0 C:\xampp\htdocs\appweb\system\View\View.php(210): include()
#1 C:\xampp\htdocs\appweb\system\View\View.php(213): CodeIgniter\View\View->CodeIgniter\View\{closure}()
#2 C:\xampp\htdocs\appweb\system\Common.php(1089): CodeIgniter\View\View->render('dashboard/creat...', Array, true)
#3 C:\xampp\htdocs\appweb\app\Controllers\Dashboard.php(31): view('dashboard/creat...', Array)
#4 C:\xampp\htdocs\appweb\system\CodeIgniter.php(832): App\Controllers\Dashboard->create()
#5 C:\xampp\htdocs\appweb\system\CodeIgniter.php(419): CodeIgniter\CodeIgniter->runController(Object(App\Controllers\Dashboard))
#6 C:\xampp\htdocs\appweb\system\CodeIgniter.php(326): CodeIgniter\CodeIgniter->handleRequest(NULL, Object(Config\Cache), false)
#7 C:\xampp\htdocs\appweb\index.php(37): CodeIgniter\CodeIgniter->run()
#8 {main}
