CRITICAL - 2022-04-20 19:08:22 --> Undefined property: App\Controllers\Auth::$validation
#0 C:\xampp\htdocs\appweb\app\Controllers\Auth.php(106): CodeIgniter\Debug\Exceptions->errorHandler(2, 'Undefined prope...', 'C:\\xampp\\htdocs...', 106)
#1 C:\xampp\htdocs\appweb\system\CodeIgniter.php(832): App\Controllers\Auth->check()
#2 C:\xampp\htdocs\appweb\system\CodeIgniter.php(419): CodeIgniter\CodeIgniter->runController(Object(App\Controllers\Auth))
#3 C:\xampp\htdocs\appweb\system\CodeIgniter.php(326): CodeIgniter\CodeIgniter->handleRequest(NULL, Object(Config\Cache), false)
#4 C:\xampp\htdocs\appweb\public\index.php(37): CodeIgniter\CodeIgniter->run()
#5 {main}
CRITICAL - 2022-04-20 19:08:49 --> Undefined property: App\Controllers\Auth::$validation
#0 C:\xampp\htdocs\appweb\app\Controllers\Auth.php(106): CodeIgniter\Debug\Exceptions->errorHandler(2, 'Undefined prope...', 'C:\\xampp\\htdocs...', 106)
#1 C:\xampp\htdocs\appweb\system\CodeIgniter.php(832): App\Controllers\Auth->check()
#2 C:\xampp\htdocs\appweb\system\CodeIgniter.php(419): CodeIgniter\CodeIgniter->runController(Object(App\Controllers\Auth))
#3 C:\xampp\htdocs\appweb\system\CodeIgniter.php(326): CodeIgniter\CodeIgniter->handleRequest(NULL, Object(Config\Cache), false)
#4 C:\xampp\htdocs\appweb\public\index.php(37): CodeIgniter\CodeIgniter->run()
#5 {main}
CRITICAL - 2022-04-20 19:09:18 --> Undefined property: App\Controllers\Auth::$validation
#0 C:\xampp\htdocs\appweb\app\Controllers\Auth.php(106): CodeIgniter\Debug\Exceptions->errorHandler(2, 'Undefined prope...', 'C:\\xampp\\htdocs...', 106)
#1 C:\xampp\htdocs\appweb\system\CodeIgniter.php(832): App\Controllers\Auth->check()
#2 C:\xampp\htdocs\appweb\system\CodeIgniter.php(419): CodeIgniter\CodeIgniter->runController(Object(App\Controllers\Auth))
#3 C:\xampp\htdocs\appweb\system\CodeIgniter.php(326): CodeIgniter\CodeIgniter->handleRequest(NULL, Object(Config\Cache), false)
#4 C:\xampp\htdocs\appweb\public\index.php(37): CodeIgniter\CodeIgniter->run()
#5 {main}
CRITICAL - 2022-04-20 19:09:54 --> Undefined property: App\Controllers\Auth::$validation
#0 C:\xampp\htdocs\appweb\app\Controllers\Auth.php(106): CodeIgniter\Debug\Exceptions->errorHandler(2, 'Undefined prope...', 'C:\\xampp\\htdocs...', 106)
#1 C:\xampp\htdocs\appweb\system\CodeIgniter.php(832): App\Controllers\Auth->check()
#2 C:\xampp\htdocs\appweb\system\CodeIgniter.php(419): CodeIgniter\CodeIgniter->runController(Object(App\Controllers\Auth))
#3 C:\xampp\htdocs\appweb\system\CodeIgniter.php(326): CodeIgniter\CodeIgniter->handleRequest(NULL, Object(Config\Cache), false)
#4 C:\xampp\htdocs\appweb\public\index.php(37): CodeIgniter\CodeIgniter->run()
#5 {main}
CRITICAL - 2022-04-20 19:51:48 --> Undefined variable $userInfo
#0 C:\xampp\htdocs\appweb\app\Views\dashboard\index.php(25): CodeIgniter\Debug\Exceptions->errorHandler(2, 'Undefined varia...', 'C:\\xampp\\htdocs...', 25)
#1 C:\xampp\htdocs\appweb\system\View\View.php(210): include('C:\\xampp\\htdocs...')
#2 C:\xampp\htdocs\appweb\system\View\View.php(213): CodeIgniter\View\View->CodeIgniter\View\{closure}()
#3 C:\xampp\htdocs\appweb\system\Common.php(1089): CodeIgniter\View\View->render('dashboard/index', Array, true)
#4 C:\xampp\htdocs\appweb\app\Controllers\Dashboard.php(16): view('dashboard/index')
#5 C:\xampp\htdocs\appweb\system\CodeIgniter.php(832): App\Controllers\Dashboard->index()
#6 C:\xampp\htdocs\appweb\system\CodeIgniter.php(419): CodeIgniter\CodeIgniter->runController(Object(App\Controllers\Dashboard))
#7 C:\xampp\htdocs\appweb\system\CodeIgniter.php(326): CodeIgniter\CodeIgniter->handleRequest(NULL, Object(Config\Cache), false)
#8 C:\xampp\htdocs\appweb\public\index.php(37): CodeIgniter\CodeIgniter->run()
#9 {main}
CRITICAL - 2022-04-20 19:53:39 --> Undefined variable $userInfo
#0 C:\xampp\htdocs\appweb\app\Views\dashboard\index.php(25): CodeIgniter\Debug\Exceptions->errorHandler(2, 'Undefined varia...', 'C:\\xampp\\htdocs...', 25)
#1 C:\xampp\htdocs\appweb\system\View\View.php(210): include('C:\\xampp\\htdocs...')
#2 C:\xampp\htdocs\appweb\system\View\View.php(213): CodeIgniter\View\View->CodeIgniter\View\{closure}()
#3 C:\xampp\htdocs\appweb\system\Common.php(1089): CodeIgniter\View\View->render('dashboard/index', Array, true)
#4 C:\xampp\htdocs\appweb\app\Controllers\Dashboard.php(16): view('dashboard/index')
#5 C:\xampp\htdocs\appweb\system\CodeIgniter.php(832): App\Controllers\Dashboard->index()
#6 C:\xampp\htdocs\appweb\system\CodeIgniter.php(419): CodeIgniter\CodeIgniter->runController(Object(App\Controllers\Dashboard))
#7 C:\xampp\htdocs\appweb\system\CodeIgniter.php(326): CodeIgniter\CodeIgniter->handleRequest(NULL, Object(Config\Cache), false)
#8 C:\xampp\htdocs\appweb\public\index.php(37): CodeIgniter\CodeIgniter->run()
#9 {main}
