CRITICAL - 2023-04-21 23:07:41 --> Call to undefined function set_value()
#0 C:\xampp\htdocs\appweb\system\View\View.php(210): include()
#1 C:\xampp\htdocs\appweb\system\View\View.php(213): CodeIgniter\View\View->CodeIgniter\View\{closure}()
#2 C:\xampp\htdocs\appweb\system\Common.php(1089): CodeIgniter\View\View->render('auth/login', Array, true)
#3 C:\xampp\htdocs\appweb\app\Controllers\Home.php(9): view('auth/login')
#4 C:\xampp\htdocs\appweb\system\CodeIgniter.php(832): App\Controllers\Home->index()
#5 C:\xampp\htdocs\appweb\system\CodeIgniter.php(419): CodeIgniter\CodeIgniter->runController(Object(App\Controllers\Home))
#6 C:\xampp\htdocs\appweb\system\CodeIgniter.php(326): CodeIgniter\CodeIgniter->handleRequest(NULL, Object(Config\Cache), false)
#7 C:\xampp\htdocs\appweb\index.php(37): CodeIgniter\CodeIgniter->run()
#8 {main}
CRITICAL - 2023-04-21 23:08:26 --> Call to undefined function set_value()
#0 C:\xampp\htdocs\appweb\system\View\View.php(210): include()
#1 C:\xampp\htdocs\appweb\system\View\View.php(213): CodeIgniter\View\View->CodeIgniter\View\{closure}()
#2 C:\xampp\htdocs\appweb\system\Common.php(1089): CodeIgniter\View\View->render('auth/login', Array, true)
#3 C:\xampp\htdocs\appweb\app\Controllers\Home.php(9): view('auth/login')
#4 C:\xampp\htdocs\appweb\system\CodeIgniter.php(832): App\Controllers\Home->index()
#5 C:\xampp\htdocs\appweb\system\CodeIgniter.php(419): CodeIgniter\CodeIgniter->runController(Object(App\Controllers\Home))
#6 C:\xampp\htdocs\appweb\system\CodeIgniter.php(326): CodeIgniter\CodeIgniter->handleRequest(NULL, Object(Config\Cache), false)
#7 C:\xampp\htdocs\appweb\index.php(37): CodeIgniter\CodeIgniter->run()
#8 {main}
CRITICAL - 2023-04-21 23:09:38 --> Call to undefined function set_value()
#0 C:\xampp\htdocs\appweb\system\View\View.php(210): include()
#1 C:\xampp\htdocs\appweb\system\View\View.php(213): CodeIgniter\View\View->CodeIgniter\View\{closure}()
#2 C:\xampp\htdocs\appweb\system\Common.php(1089): CodeIgniter\View\View->render('auth/login', Array, true)
#3 C:\xampp\htdocs\appweb\app\Controllers\Home.php(9): view('auth/login')
#4 C:\xampp\htdocs\appweb\system\CodeIgniter.php(832): App\Controllers\Home->index()
#5 C:\xampp\htdocs\appweb\system\CodeIgniter.php(419): CodeIgniter\CodeIgniter->runController(Object(App\Controllers\Home))
#6 C:\xampp\htdocs\appweb\system\CodeIgniter.php(326): CodeIgniter\CodeIgniter->handleRequest(NULL, Object(Config\Cache), false)
#7 C:\xampp\htdocs\appweb\index.php(37): CodeIgniter\CodeIgniter->run()
#8 {main}
ERROR - 2023-04-21 23:13:17 --> Error connecting to the database: No se puede establecer una conexión ya que el equipo de destino denegó expresamente dicha conexión
CRITICAL - 2023-04-21 23:13:17 --> Unable to connect to the database.
Main connection [MySQLi]: No se puede establecer una conexión ya que el equipo de destino denegó expresamente dicha conexión
#0 C:\xampp\htdocs\appweb\system\Database\BaseConnection.php(577): CodeIgniter\Database\BaseConnection->initialize()
#1 C:\xampp\htdocs\appweb\system\Database\BaseBuilder.php(1455): CodeIgniter\Database\BaseConnection->query('SELECT 1\nFROM `...', Array, false)
#2 C:\xampp\htdocs\appweb\system\Validation\Rules.php(104): CodeIgniter\Database\BaseBuilder->get()
#3 C:\xampp\htdocs\appweb\system\Validation\Validation.php(292): CodeIgniter\Validation\Rules->is_not_unique('eunice@gmail.co...', 'email', Array, NULL)
#4 C:\xampp\htdocs\appweb\system\Validation\Validation.php(157): CodeIgniter\Validation\Validation->processRules('email', 'email', 'eunice@gmail.co...', Array, Array)
#5 C:\xampp\htdocs\appweb\system\Controller.php(160): CodeIgniter\Validation\Validation->run()
#6 C:\xampp\htdocs\appweb\app\Controllers\Auth.php(92): CodeIgniter\Controller->validate(Array)
#7 C:\xampp\htdocs\appweb\system\CodeIgniter.php(832): App\Controllers\Auth->check()
#8 C:\xampp\htdocs\appweb\system\CodeIgniter.php(419): CodeIgniter\CodeIgniter->runController(Object(App\Controllers\Auth))
#9 C:\xampp\htdocs\appweb\system\CodeIgniter.php(326): CodeIgniter\CodeIgniter->handleRequest(NULL, Object(Config\Cache), false)
#10 C:\xampp\htdocs\appweb\index.php(37): CodeIgniter\CodeIgniter->run()
#11 {main}
ERROR - 2023-04-21 23:42:47 --> Duplicate entry '0' for key 'users.PRIMARY'
CRITICAL - 2023-04-21 23:42:47 --> Duplicate entry '0' for key 'users.PRIMARY'
#0 C:\laragon\www\appweb\system\Database\MySQLi\Connection.php(292): mysqli->query('INSERT INTO `us...', 0)
#1 C:\laragon\www\appweb\system\Database\BaseConnection.php(670): CodeIgniter\Database\MySQLi\Connection->execute('INSERT INTO `us...')
#2 C:\laragon\www\appweb\system\Database\BaseConnection.php(598): CodeIgniter\Database\BaseConnection->simpleQuery('INSERT INTO `us...')
#3 C:\laragon\www\appweb\system\Database\BaseBuilder.php(1771): CodeIgniter\Database\BaseConnection->query('INSERT INTO `us...', Array, false)
#4 C:\laragon\www\appweb\system\Model.php(239): CodeIgniter\Database\BaseBuilder->insert()
#5 C:\laragon\www\appweb\system\BaseModel.php(738): CodeIgniter\Model->doInsert(Array)
#6 C:\laragon\www\appweb\system\Model.php(625): CodeIgniter\BaseModel->insert(Array, true)
#7 C:\laragon\www\appweb\app\Controllers\Auth.php(76): CodeIgniter\Model->insert(Array)
#8 C:\laragon\www\appweb\system\CodeIgniter.php(832): App\Controllers\Auth->save()
#9 C:\laragon\www\appweb\system\CodeIgniter.php(419): CodeIgniter\CodeIgniter->runController(Object(App\Controllers\Auth))
#10 C:\laragon\www\appweb\system\CodeIgniter.php(326): CodeIgniter\CodeIgniter->handleRequest(NULL, Object(Config\Cache), false)
#11 C:\laragon\www\appweb\index.php(37): CodeIgniter\CodeIgniter->run()
#12 {main}
