CRITICAL - 2022-04-21 20:24:18 --> Undefined array key "name"
#0 C:\xampp\htdocs\appweb\app\Views\dashboard\index.php(25): CodeIgniter\Debug\Exceptions->errorHandler(2, 'Undefined array...', 'C:\\xampp\\htdocs...', 25)
#1 C:\xampp\htdocs\appweb\system\View\View.php(210): include('C:\\xampp\\htdocs...')
#2 C:\xampp\htdocs\appweb\system\View\View.php(213): CodeIgniter\View\View->CodeIgniter\View\{closure}()
#3 C:\xampp\htdocs\appweb\system\Common.php(1089): CodeIgniter\View\View->render('dashboard/index', Array, true)
#4 C:\xampp\htdocs\appweb\app\Controllers\Dashboard.php(16): view('dashboard/index', Array)
#5 C:\xampp\htdocs\appweb\system\CodeIgniter.php(832): App\Controllers\Dashboard->index()
#6 C:\xampp\htdocs\appweb\system\CodeIgniter.php(419): CodeIgniter\CodeIgniter->runController(Object(App\Controllers\Dashboard))
#7 C:\xampp\htdocs\appweb\system\CodeIgniter.php(326): CodeIgniter\CodeIgniter->handleRequest(NULL, Object(Config\Cache), false)
#8 C:\xampp\htdocs\appweb\public\index.php(37): CodeIgniter\CodeIgniter->run()
#9 {main}
CRITICAL - 2022-04-21 20:24:51 --> Undefined array key "name"
#0 C:\xampp\htdocs\appweb\app\Views\dashboard\index.php(25): CodeIgniter\Debug\Exceptions->errorHandler(2, 'Undefined array...', 'C:\\xampp\\htdocs...', 25)
#1 C:\xampp\htdocs\appweb\system\View\View.php(210): include('C:\\xampp\\htdocs...')
#2 C:\xampp\htdocs\appweb\system\View\View.php(213): CodeIgniter\View\View->CodeIgniter\View\{closure}()
#3 C:\xampp\htdocs\appweb\system\Common.php(1089): CodeIgniter\View\View->render('dashboard/index', Array, true)
#4 C:\xampp\htdocs\appweb\app\Controllers\Dashboard.php(16): view('dashboard/index', Array)
#5 C:\xampp\htdocs\appweb\system\CodeIgniter.php(832): App\Controllers\Dashboard->index()
#6 C:\xampp\htdocs\appweb\system\CodeIgniter.php(419): CodeIgniter\CodeIgniter->runController(Object(App\Controllers\Dashboard))
#7 C:\xampp\htdocs\appweb\system\CodeIgniter.php(326): CodeIgniter\CodeIgniter->handleRequest(NULL, Object(Config\Cache), false)
#8 C:\xampp\htdocs\appweb\public\index.php(37): CodeIgniter\CodeIgniter->run()
#9 {main}
CRITICAL - 2022-04-21 20:25:31 --> Undefined array key "name"
#0 C:\xampp\htdocs\appweb\app\Views\dashboard\index.php(25): CodeIgniter\Debug\Exceptions->errorHandler(2, 'Undefined array...', 'C:\\xampp\\htdocs...', 25)
#1 C:\xampp\htdocs\appweb\system\View\View.php(210): include('C:\\xampp\\htdocs...')
#2 C:\xampp\htdocs\appweb\system\View\View.php(213): CodeIgniter\View\View->CodeIgniter\View\{closure}()
#3 C:\xampp\htdocs\appweb\system\Common.php(1089): CodeIgniter\View\View->render('dashboard/index', Array, true)
#4 C:\xampp\htdocs\appweb\app\Controllers\Dashboard.php(16): view('dashboard/index', Array)
#5 C:\xampp\htdocs\appweb\system\CodeIgniter.php(832): App\Controllers\Dashboard->index()
#6 C:\xampp\htdocs\appweb\system\CodeIgniter.php(419): CodeIgniter\CodeIgniter->runController(Object(App\Controllers\Dashboard))
#7 C:\xampp\htdocs\appweb\system\CodeIgniter.php(326): CodeIgniter\CodeIgniter->handleRequest(NULL, Object(Config\Cache), false)
#8 C:\xampp\htdocs\appweb\public\index.php(37): CodeIgniter\CodeIgniter->run()
#9 {main}
CRITICAL - 2022-04-21 20:27:42 --> Undefined array key "name"
#0 C:\xampp\htdocs\appweb\app\Views\dashboard\index.php(25): CodeIgniter\Debug\Exceptions->errorHandler(2, 'Undefined array...', 'C:\\xampp\\htdocs...', 25)
#1 C:\xampp\htdocs\appweb\system\View\View.php(210): include('C:\\xampp\\htdocs...')
#2 C:\xampp\htdocs\appweb\system\View\View.php(213): CodeIgniter\View\View->CodeIgniter\View\{closure}()
#3 C:\xampp\htdocs\appweb\system\Common.php(1089): CodeIgniter\View\View->render('dashboard/index', Array, true)
#4 C:\xampp\htdocs\appweb\app\Controllers\Dashboard.php(16): view('dashboard/index', Array)
#5 C:\xampp\htdocs\appweb\system\CodeIgniter.php(832): App\Controllers\Dashboard->index()
#6 C:\xampp\htdocs\appweb\system\CodeIgniter.php(419): CodeIgniter\CodeIgniter->runController(Object(App\Controllers\Dashboard))
#7 C:\xampp\htdocs\appweb\system\CodeIgniter.php(326): CodeIgniter\CodeIgniter->handleRequest(NULL, Object(Config\Cache), false)
#8 C:\xampp\htdocs\appweb\public\index.php(37): CodeIgniter\CodeIgniter->run()
#9 {main}
CRITICAL - 2022-04-21 20:28:55 --> Undefined array key "name"
#0 C:\xampp\htdocs\appweb\app\Views\dashboard\index.php(25): CodeIgniter\Debug\Exceptions->errorHandler(2, 'Undefined array...', 'C:\\xampp\\htdocs...', 25)
#1 C:\xampp\htdocs\appweb\system\View\View.php(210): include('C:\\xampp\\htdocs...')
#2 C:\xampp\htdocs\appweb\system\View\View.php(213): CodeIgniter\View\View->CodeIgniter\View\{closure}()
#3 C:\xampp\htdocs\appweb\system\Common.php(1089): CodeIgniter\View\View->render('dashboard/index', Array, true)
#4 C:\xampp\htdocs\appweb\app\Controllers\Dashboard.php(16): view('dashboard/index', Array)
#5 C:\xampp\htdocs\appweb\system\CodeIgniter.php(832): App\Controllers\Dashboard->index()
#6 C:\xampp\htdocs\appweb\system\CodeIgniter.php(419): CodeIgniter\CodeIgniter->runController(Object(App\Controllers\Dashboard))
#7 C:\xampp\htdocs\appweb\system\CodeIgniter.php(326): CodeIgniter\CodeIgniter->handleRequest(NULL, Object(Config\Cache), false)
#8 C:\xampp\htdocs\appweb\public\index.php(37): CodeIgniter\CodeIgniter->run()
#9 {main}
CRITICAL - 2022-04-21 21:02:21 --> Class "App\Filters\AlreadyLoggedInFilter" not found
#0 C:\xampp\htdocs\appweb\system\CodeIgniter.php(393): CodeIgniter\Filters\Filters->run('auth', 'before')
#1 C:\xampp\htdocs\appweb\system\CodeIgniter.php(326): CodeIgniter\CodeIgniter->handleRequest(NULL, Object(Config\Cache), false)
#2 C:\xampp\htdocs\appweb\public\index.php(37): CodeIgniter\CodeIgniter->run()
#3 {main}
CRITICAL - 2022-04-21 21:02:58 --> Class "App\Filters\AlreadyLoggedInFilter" not found
#0 C:\xampp\htdocs\appweb\system\CodeIgniter.php(393): CodeIgniter\Filters\Filters->run('auth', 'before')
#1 C:\xampp\htdocs\appweb\system\CodeIgniter.php(326): CodeIgniter\CodeIgniter->handleRequest(NULL, Object(Config\Cache), false)
#2 C:\xampp\htdocs\appweb\public\index.php(37): CodeIgniter\CodeIgniter->run()
#3 {main}
